#
# A fatal error has been detected by the Java Runtime Environment:
#
#  Internal Error (os_windows_x86.cpp:146), pid=7768, tid=12416
#  guarantee(result == EXCEPTION_CONTINUE_EXECUTION) failed: Unexpected result from topLevelExceptionFilter
#
# JRE version: OpenJDK Runtime Environment Corretto-11.0.21.9.1 (11.0.21+9) (build 11.0.21+9-LTS)
# Java VM: OpenJDK 64-Bit Server VM Corretto-11.0.21.9.1 (11.0.21+9-LTS, mixed mode, tiered, compressed oops, g1 gc, windows-amd64)
# No core dump will be written. Minidumps are not enabled by default on client versions of Windows
#
# If you would like to submit a bug report, please visit:
#   https://github.com/corretto/corretto-11/issues/
# The crash happened outside the Java Virtual Machine in native code.
# See problematic frame for where to report the bug.
#

---------------  S U M M A R Y ------------

Command Line: -Dfile.encoding=UTF8 -ea -Xmx1024m 

Host: Intel(R) Core(TM) i5-9400F CPU @ 2.90GHz, 6 cores, 15G,  Windows 10 , 64 bit Build 19041 (10.0.19041.3636)
Time: Thu Dec 14 15:53:14 2023 대한민국 표준시 elapsed time: 0.515938 seconds (0d 0h 0m 0s)

---------------  T H R E A D  ---------------

Current thread (0x0000018cb6d48000):  JavaThread "Python Reference Queue" daemon [_thread_in_native, id=12416, stack(0x0000008b743c0000,0x0000008b745b0000)]

Stack: [0x0000008b743c0000,0x0000008b745b0000]
Native frames: (J=compiled Java code, j=interpreted, Vv=VM code, C=native code)
C  0x00007ffab6495f6a
C  0x00007ffab662a379
C  0x00007ffab662ba79
C  0x00007ffab662c117
C  0x00007ffab60b9e4c
C  0x00007ffab649599c
C  [ntdll.dll+0xa23af]
C  [ntdll.dll+0x514b4]
C  [ntdll.dll+0xa0ebe]
C  [tcl86t.dll+0xf8bbd]
C  [tcl86t.dll+0xf8bf2]
C  [tcl86t.dll+0x14b44]
C  [tcl86t.dll+0x17793]
C  [_tkinter.pyd+0x4a4f]
C  [python39.dll+0x1ddb9]
C  [python39.dll+0xd27c]
C  [python39.dll+0xd03a]
C  [python39.dll+0xd3f1]
C  [python39.dll+0xce1d]
C  [python39.dll+0x1084f2]
C  0x00007ffb158183e4
C  0x0000018cd6c9f6d7

Java frames: (J=compiled Java code, j=interpreted, Vv=VM code)
j  org.jpype.ref.JPypeReferenceNative.wake()V+0
j  org.jpype.ref.JPypeReferenceQueue$Worker.run()V+42
j  java.lang.Thread.run()V+11 java.base@11.0.21
v  ~StubRoutines::call_stub

---------------  P R O C E S S  ---------------

Threads class SMR info:
_java_thread_list=0x0000018cb776f970, length=12, elements={
0x0000018cb6d3c800, 0x0000018cb6d40800, 0x0000018cb6d3e000, 0x0000018cb6d3f000,
0x0000018cb6d3a800, 0x0000018cb6d42000, 0x0000018cc6be8800, 0x0000018cc6be7800,
0x0000018cb6d41800, 0x0000018cb6d43800, 0x0000018cb6d48000, 0x0000018cc6bea000
}

Java Threads: ( => current thread )
  0x0000018cb6d3c800 JavaThread "main" [_thread_in_Java, id=3088, stack(0x0000008b6ee00000,0x0000008b6eff0000)]
  0x0000018cb6d40800 JavaThread "Reference Handler" daemon [_thread_blocked, id=10440, stack(0x0000008b72e70000,0x0000008b73060000)]
  0x0000018cb6d3e000 JavaThread "Finalizer" daemon [_thread_blocked, id=9336, stack(0x0000008b73060000,0x0000008b73250000)]
  0x0000018cb6d3f000 JavaThread "Signal Dispatcher" daemon [_thread_blocked, id=8180, stack(0x0000008b73440000,0x0000008b73630000)]
  0x0000018cb6d3a800 JavaThread "Attach Listener" daemon [_thread_blocked, id=1544, stack(0x0000008b73630000,0x0000008b73820000)]
  0x0000018cb6d42000 JavaThread "Service Thread" daemon [_thread_blocked, id=9992, stack(0x0000008b73820000,0x0000008b73a10000)]
  0x0000018cc6be8800 JavaThread "C2 CompilerThread0" daemon [_thread_in_native, id=2688, stack(0x0000008b73a10000,0x0000008b73c00000)]
  0x0000018cc6be7800 JavaThread "C1 CompilerThread0" daemon [_thread_in_native, id=2060, stack(0x0000008b73c00000,0x0000008b73df0000)]
  0x0000018cb6d41800 JavaThread "Sweeper thread" daemon [_thread_blocked, id=7024, stack(0x0000008b73df0000,0x0000008b73fe0000)]
  0x0000018cb6d43800 JavaThread "Common-Cleaner" daemon [_thread_blocked, id=1004, stack(0x0000008b741d0000,0x0000008b743c0000)]
=>0x0000018cb6d48000 JavaThread "Python Reference Queue" daemon [_thread_in_native, id=12416, stack(0x0000008b743c0000,0x0000008b745b0000)]
  0x0000018cc6bea000 JavaThread "C2 CompilerThread1" daemon [_thread_in_native, id=12756, stack(0x0000008b74f60000,0x0000008b75150000)]

Other Threads:
  0x0000018cb6ccd000 VMThread "VM Thread" [stack: 0x0000008b72c80000,0x0000008b72e70000] [id=6412]
  0x0000018cb6cd2800 WatcherThread [stack: 0x0000008b73fe0000,0x0000008b741d0000] [id=9524]
  0x0000018cb6cc7000 GCTaskThread "GC Thread#0" [stack: 0x0000008b722d0000,0x0000008b724c0000] [id=8084]
  0x0000018cb6ccd800 GCTaskThread "GC Thread#1" [stack: 0x0000008b745b0000,0x0000008b747a0000] [id=1680]
  0x0000018cb6cd3800 GCTaskThread "GC Thread#2" [stack: 0x0000008b747a0000,0x0000008b74990000] [id=5560]
  0x0000018cb6ccf000 GCTaskThread "GC Thread#3" [stack: 0x0000008b74990000,0x0000008b74b80000] [id=12716]
  0x0000018cb6cd0800 GCTaskThread "GC Thread#4" [stack: 0x0000008b74b80000,0x0000008b74d70000] [id=13068]
  0x0000018cb6cd1000 GCTaskThread "GC Thread#5" [stack: 0x0000008b74d70000,0x0000008b74f60000] [id=2484]
  0x0000018cb6cd0000 ConcurrentGCThread "G1 Main Marker" [stack: 0x0000008b724c0000,0x0000008b726b0000] [id=12396]
  0x0000018cb6cce800 ConcurrentGCThread "G1 Conc#0" [stack: 0x0000008b726b0000,0x0000008b728a0000] [id=6668]
  0x0000018cb6cd2000 ConcurrentGCThread "G1 Refine#0" [stack: 0x0000008b728a0000,0x0000008b72a90000] [id=7568]
  0x0000018cb7050000 ConcurrentGCThread "G1 Young RemSet Sampling" [stack: 0x0000008b72a90000,0x0000008b72c80000] [id=13500]

Threads with active compile tasks:
C2 CompilerThread0      644  744       4       jdk.internal.jimage.ImageLocation::getFullName (109 bytes)
C1 CompilerThread0      644  776       3       jdk.internal.jrtfs.JrtPath::relativize (375 bytes)
C2 CompilerThread1      644  745       4       jdk.internal.jimage.ImageReader$SharedImageReader::makeDirectories (54 bytes)

VM state:not at safepoint (normal execution)

VM Mutex/Monitor currently owned by a thread: None

Heap address: 0x00000000c0000000, size: 1024 MB, Compressed Oops mode: 32-bit
Narrow klass base: 0x0000000000000000, Narrow klass shift: 3
Compressed class space size: 1073741824 Address: 0x0000000100000000

Heap:
 garbage-first heap   total 140288K, used 11599K [0x00000000c0000000, 0x0000000100000000)
  region size 1024K, 9 young (9216K), 1 survivors (1024K)
 Metaspace       used 8187K, capacity 8336K, committed 8448K, reserved 1056768K
  class space    used 708K, capacity 748K, committed 768K, reserved 1048576K
Heap Regions: E=young(eden), S=young(survivor), O=old, HS=humongous(starts), HC=humongous(continues), CS=collection set, F=free, A=archive, TAMS=top-at-mark-start (previous, next)
|   0|0x00000000c0000000, 0x00000000c0058c40, 0x00000000c0100000| 34%| O|  |TAMS 0x00000000c0000000, 0x00000000c0000000| Untracked 
|   1|0x00000000c0100000, 0x00000000c0131208, 0x00000000c0200000| 19%| O|  |TAMS 0x00000000c0100000, 0x00000000c0100000| Untracked 
|   2|0x00000000c0200000, 0x00000000c0300000, 0x00000000c0300000|100%| O|  |TAMS 0x00000000c0200000, 0x00000000c0200000| Untracked 
|   3|0x00000000c0300000, 0x00000000c03f5400, 0x00000000c0400000| 95%| O|  |TAMS 0x00000000c0300000, 0x00000000c0300000| Untracked 
|   4|0x00000000c0400000, 0x00000000c0400000, 0x00000000c0500000|  0%| F|  |TAMS 0x00000000c0400000, 0x00000000c0400000| Untracked 
|   5|0x00000000c0500000, 0x00000000c0500000, 0x00000000c0600000|  0%| F|  |TAMS 0x00000000c0500000, 0x00000000c0500000| Untracked 
|   6|0x00000000c0600000, 0x00000000c0600000, 0x00000000c0700000|  0%| F|  |TAMS 0x00000000c0600000, 0x00000000c0600000| Untracked 
|   7|0x00000000c0700000, 0x00000000c0700000, 0x00000000c0800000|  0%| F|  |TAMS 0x00000000c0700000, 0x00000000c0700000| Untracked 
|   8|0x00000000c0800000, 0x00000000c08d6b00, 0x00000000c0900000| 83%| S|CS|TAMS 0x00000000c0800000, 0x00000000c0800000| Complete 
|   9|0x00000000c0900000, 0x00000000c0900000, 0x00000000c0a00000|  0%| F|  |TAMS 0x00000000c0900000, 0x00000000c0900000| Untracked 
|  10|0x00000000c0a00000, 0x00000000c0a00000, 0x00000000c0b00000|  0%| F|  |TAMS 0x00000000c0a00000, 0x00000000c0a00000| Untracked 
|  11|0x00000000c0b00000, 0x00000000c0b00000, 0x00000000c0c00000|  0%| F|  |TAMS 0x00000000c0b00000, 0x00000000c0b00000| Untracked 
|  12|0x00000000c0c00000, 0x00000000c0c00000, 0x00000000c0d00000|  0%| F|  |TAMS 0x00000000c0c00000, 0x00000000c0c00000| Untracked 
|  13|0x00000000c0d00000, 0x00000000c0d00000, 0x00000000c0e00000|  0%| F|  |TAMS 0x00000000c0d00000, 0x00000000c0d00000| Untracked 
|  14|0x00000000c0e00000, 0x00000000c0e00000, 0x00000000c0f00000|  0%| F|  |TAMS 0x00000000c0e00000, 0x00000000c0e00000| Untracked 
|  15|0x00000000c0f00000, 0x00000000c0f00000, 0x00000000c1000000|  0%| F|  |TAMS 0x00000000c0f00000, 0x00000000c0f00000| Untracked 
|  16|0x00000000c1000000, 0x00000000c1000000, 0x00000000c1100000|  0%| F|  |TAMS 0x00000000c1000000, 0x00000000c1000000| Untracked 
|  17|0x00000000c1100000, 0x00000000c1100000, 0x00000000c1200000|  0%| F|  |TAMS 0x00000000c1100000, 0x00000000c1100000| Untracked 
|  18|0x00000000c1200000, 0x00000000c1200000, 0x00000000c1300000|  0%| F|  |TAMS 0x00000000c1200000, 0x00000000c1200000| Untracked 
|  19|0x00000000c1300000, 0x00000000c1300000, 0x00000000c1400000|  0%| F|  |TAMS 0x00000000c1300000, 0x00000000c1300000| Untracked 
|  20|0x00000000c1400000, 0x00000000c1400000, 0x00000000c1500000|  0%| F|  |TAMS 0x00000000c1400000, 0x00000000c1400000| Untracked 
|  21|0x00000000c1500000, 0x00000000c1500000, 0x00000000c1600000|  0%| F|  |TAMS 0x00000000c1500000, 0x00000000c1500000| Untracked 
|  22|0x00000000c1600000, 0x00000000c1600000, 0x00000000c1700000|  0%| F|  |TAMS 0x00000000c1600000, 0x00000000c1600000| Untracked 
|  23|0x00000000c1700000, 0x00000000c1700000, 0x00000000c1800000|  0%| F|  |TAMS 0x00000000c1700000, 0x00000000c1700000| Untracked 
|  24|0x00000000c1800000, 0x00000000c1800000, 0x00000000c1900000|  0%| F|  |TAMS 0x00000000c1800000, 0x00000000c1800000| Untracked 
|  25|0x00000000c1900000, 0x00000000c1900000, 0x00000000c1a00000|  0%| F|  |TAMS 0x00000000c1900000, 0x00000000c1900000| Untracked 
|  26|0x00000000c1a00000, 0x00000000c1a00000, 0x00000000c1b00000|  0%| F|  |TAMS 0x00000000c1a00000, 0x00000000c1a00000| Untracked 
|  27|0x00000000c1b00000, 0x00000000c1b00000, 0x00000000c1c00000|  0%| F|  |TAMS 0x00000000c1b00000, 0x00000000c1b00000| Untracked 
|  28|0x00000000c1c00000, 0x00000000c1c00000, 0x00000000c1d00000|  0%| F|  |TAMS 0x00000000c1c00000, 0x00000000c1c00000| Untracked 
|  29|0x00000000c1d00000, 0x00000000c1d00000, 0x00000000c1e00000|  0%| F|  |TAMS 0x00000000c1d00000, 0x00000000c1d00000| Untracked 
|  30|0x00000000c1e00000, 0x00000000c1e00000, 0x00000000c1f00000|  0%| F|  |TAMS 0x00000000c1e00000, 0x00000000c1e00000| Untracked 
|  31|0x00000000c1f00000, 0x00000000c1f00000, 0x00000000c2000000|  0%| F|  |TAMS 0x00000000c1f00000, 0x00000000c1f00000| Untracked 
|  32|0x00000000c2000000, 0x00000000c2000000, 0x00000000c2100000|  0%| F|  |TAMS 0x00000000c2000000, 0x00000000c2000000| Untracked 
|  33|0x00000000c2100000, 0x00000000c2100000, 0x00000000c2200000|  0%| F|  |TAMS 0x00000000c2100000, 0x00000000c2100000| Untracked 
|  34|0x00000000c2200000, 0x00000000c2200000, 0x00000000c2300000|  0%| F|  |TAMS 0x00000000c2200000, 0x00000000c2200000| Untracked 
|  35|0x00000000c2300000, 0x00000000c2300000, 0x00000000c2400000|  0%| F|  |TAMS 0x00000000c2300000, 0x00000000c2300000| Untracked 
|  36|0x00000000c2400000, 0x00000000c2400000, 0x00000000c2500000|  0%| F|  |TAMS 0x00000000c2400000, 0x00000000c2400000| Untracked 
|  37|0x00000000c2500000, 0x00000000c2500000, 0x00000000c2600000|  0%| F|  |TAMS 0x00000000c2500000, 0x00000000c2500000| Untracked 
|  38|0x00000000c2600000, 0x00000000c2600000, 0x00000000c2700000|  0%| F|  |TAMS 0x00000000c2600000, 0x00000000c2600000| Untracked 
|  39|0x00000000c2700000, 0x00000000c2700000, 0x00000000c2800000|  0%| F|  |TAMS 0x00000000c2700000, 0x00000000c2700000| Untracked 
|  40|0x00000000c2800000, 0x00000000c2800000, 0x00000000c2900000|  0%| F|  |TAMS 0x00000000c2800000, 0x00000000c2800000| Untracked 
|  41|0x00000000c2900000, 0x00000000c2900000, 0x00000000c2a00000|  0%| F|  |TAMS 0x00000000c2900000, 0x00000000c2900000| Untracked 
|  42|0x00000000c2a00000, 0x00000000c2a00000, 0x00000000c2b00000|  0%| F|  |TAMS 0x00000000c2a00000, 0x00000000c2a00000| Untracked 
|  43|0x00000000c2b00000, 0x00000000c2b00000, 0x00000000c2c00000|  0%| F|  |TAMS 0x00000000c2b00000, 0x00000000c2b00000| Untracked 
|  44|0x00000000c2c00000, 0x00000000c2c00000, 0x00000000c2d00000|  0%| F|  |TAMS 0x00000000c2c00000, 0x00000000c2c00000| Untracked 
|  45|0x00000000c2d00000, 0x00000000c2d00000, 0x00000000c2e00000|  0%| F|  |TAMS 0x00000000c2d00000, 0x00000000c2d00000| Untracked 
|  46|0x00000000c2e00000, 0x00000000c2e00000, 0x00000000c2f00000|  0%| F|  |TAMS 0x00000000c2e00000, 0x00000000c2e00000| Untracked 
|  47|0x00000000c2f00000, 0x00000000c2f00000, 0x00000000c3000000|  0%| F|  |TAMS 0x00000000c2f00000, 0x00000000c2f00000| Untracked 
|  48|0x00000000c3000000, 0x00000000c3000000, 0x00000000c3100000|  0%| F|  |TAMS 0x00000000c3000000, 0x00000000c3000000| Untracked 
|  49|0x00000000c3100000, 0x00000000c3100000, 0x00000000c3200000|  0%| F|  |TAMS 0x00000000c3100000, 0x00000000c3100000| Untracked 
|  50|0x00000000c3200000, 0x00000000c3200000, 0x00000000c3300000|  0%| F|  |TAMS 0x00000000c3200000, 0x00000000c3200000| Untracked 
|  51|0x00000000c3300000, 0x00000000c3300000, 0x00000000c3400000|  0%| F|  |TAMS 0x00000000c3300000, 0x00000000c3300000| Untracked 
|  52|0x00000000c3400000, 0x00000000c3400000, 0x00000000c3500000|  0%| F|  |TAMS 0x00000000c3400000, 0x00000000c3400000| Untracked 
|  53|0x00000000c3500000, 0x00000000c3500000, 0x00000000c3600000|  0%| F|  |TAMS 0x00000000c3500000, 0x00000000c3500000| Untracked 
|  54|0x00000000c3600000, 0x00000000c3600000, 0x00000000c3700000|  0%| F|  |TAMS 0x00000000c3600000, 0x00000000c3600000| Untracked 
|  55|0x00000000c3700000, 0x00000000c3700000, 0x00000000c3800000|  0%| F|  |TAMS 0x00000000c3700000, 0x00000000c3700000| Untracked 
|  56|0x00000000c3800000, 0x00000000c3800000, 0x00000000c3900000|  0%| F|  |TAMS 0x00000000c3800000, 0x00000000c3800000| Untracked 
|  57|0x00000000c3900000, 0x00000000c3900000, 0x00000000c3a00000|  0%| F|  |TAMS 0x00000000c3900000, 0x00000000c3900000| Untracked 
|  58|0x00000000c3a00000, 0x00000000c3a00000, 0x00000000c3b00000|  0%| F|  |TAMS 0x00000000c3a00000, 0x00000000c3a00000| Untracked 
|  59|0x00000000c3b00000, 0x00000000c3b00000, 0x00000000c3c00000|  0%| F|  |TAMS 0x00000000c3b00000, 0x00000000c3b00000| Untracked 
|  60|0x00000000c3c00000, 0x00000000c3c00000, 0x00000000c3d00000|  0%| F|  |TAMS 0x00000000c3c00000, 0x00000000c3c00000| Untracked 
|  61|0x00000000c3d00000, 0x00000000c3d00000, 0x00000000c3e00000|  0%| F|  |TAMS 0x00000000c3d00000, 0x00000000c3d00000| Untracked 
|  62|0x00000000c3e00000, 0x00000000c3e00000, 0x00000000c3f00000|  0%| F|  |TAMS 0x00000000c3e00000, 0x00000000c3e00000| Untracked 
|  63|0x00000000c3f00000, 0x00000000c3f00000, 0x00000000c4000000|  0%| F|  |TAMS 0x00000000c3f00000, 0x00000000c3f00000| Untracked 
|  64|0x00000000c4000000, 0x00000000c4000000, 0x00000000c4100000|  0%| F|  |TAMS 0x00000000c4000000, 0x00000000c4000000| Untracked 
|  65|0x00000000c4100000, 0x00000000c4100000, 0x00000000c4200000|  0%| F|  |TAMS 0x00000000c4100000, 0x00000000c4100000| Untracked 
|  66|0x00000000c4200000, 0x00000000c4200000, 0x00000000c4300000|  0%| F|  |TAMS 0x00000000c4200000, 0x00000000c4200000| Untracked 
|  67|0x00000000c4300000, 0x00000000c4300000, 0x00000000c4400000|  0%| F|  |TAMS 0x00000000c4300000, 0x00000000c4300000| Untracked 
|  68|0x00000000c4400000, 0x00000000c4400000, 0x00000000c4500000|  0%| F|  |TAMS 0x00000000c4400000, 0x00000000c4400000| Untracked 
|  69|0x00000000c4500000, 0x00000000c4500000, 0x00000000c4600000|  0%| F|  |TAMS 0x00000000c4500000, 0x00000000c4500000| Untracked 
|  70|0x00000000c4600000, 0x00000000c4600000, 0x00000000c4700000|  0%| F|  |TAMS 0x00000000c4600000, 0x00000000c4600000| Untracked 
|  71|0x00000000c4700000, 0x00000000c4700000, 0x00000000c4800000|  0%| F|  |TAMS 0x00000000c4700000, 0x00000000c4700000| Untracked 
|  72|0x00000000c4800000, 0x00000000c4800000, 0x00000000c4900000|  0%| F|  |TAMS 0x00000000c4800000, 0x00000000c4800000| Untracked 
|  73|0x00000000c4900000, 0x00000000c4900000, 0x00000000c4a00000|  0%| F|  |TAMS 0x00000000c4900000, 0x00000000c4900000| Untracked 
|  74|0x00000000c4a00000, 0x00000000c4a00000, 0x00000000c4b00000|  0%| F|  |TAMS 0x00000000c4a00000, 0x00000000c4a00000| Untracked 
|  75|0x00000000c4b00000, 0x00000000c4b00000, 0x00000000c4c00000|  0%| F|  |TAMS 0x00000000c4b00000, 0x00000000c4b00000| Untracked 
|  76|0x00000000c4c00000, 0x00000000c4c00000, 0x00000000c4d00000|  0%| F|  |TAMS 0x00000000c4c00000, 0x00000000c4c00000| Untracked 
|  77|0x00000000c4d00000, 0x00000000c4d00000, 0x00000000c4e00000|  0%| F|  |TAMS 0x00000000c4d00000, 0x00000000c4d00000| Untracked 
|  78|0x00000000c4e00000, 0x00000000c4e00000, 0x00000000c4f00000|  0%| F|  |TAMS 0x00000000c4e00000, 0x00000000c4e00000| Untracked 
|  79|0x00000000c4f00000, 0x00000000c4f00000, 0x00000000c5000000|  0%| F|  |TAMS 0x00000000c4f00000, 0x00000000c4f00000| Untracked 
|  80|0x00000000c5000000, 0x00000000c5000000, 0x00000000c5100000|  0%| F|  |TAMS 0x00000000c5000000, 0x00000000c5000000| Untracked 
|  81|0x00000000c5100000, 0x00000000c5100000, 0x00000000c5200000|  0%| F|  |TAMS 0x00000000c5100000, 0x00000000c5100000| Untracked 
|  82|0x00000000c5200000, 0x00000000c5200000, 0x00000000c5300000|  0%| F|  |TAMS 0x00000000c5200000, 0x00000000c5200000| Untracked 
|  83|0x00000000c5300000, 0x00000000c5300000, 0x00000000c5400000|  0%| F|  |TAMS 0x00000000c5300000, 0x00000000c5300000| Untracked 
|  84|0x00000000c5400000, 0x00000000c5400000, 0x00000000c5500000|  0%| F|  |TAMS 0x00000000c5400000, 0x00000000c5400000| Untracked 
|  85|0x00000000c5500000, 0x00000000c5500000, 0x00000000c5600000|  0%| F|  |TAMS 0x00000000c5500000, 0x00000000c5500000| Untracked 
|  86|0x00000000c5600000, 0x00000000c5600000, 0x00000000c5700000|  0%| F|  |TAMS 0x00000000c5600000, 0x00000000c5600000| Untracked 
|  87|0x00000000c5700000, 0x00000000c5700000, 0x00000000c5800000|  0%| F|  |TAMS 0x00000000c5700000, 0x00000000c5700000| Untracked 
|  88|0x00000000c5800000, 0x00000000c5800000, 0x00000000c5900000|  0%| F|  |TAMS 0x00000000c5800000, 0x00000000c5800000| Untracked 
|  89|0x00000000c5900000, 0x00000000c5900000, 0x00000000c5a00000|  0%| F|  |TAMS 0x00000000c5900000, 0x00000000c5900000| Untracked 
|  90|0x00000000c5a00000, 0x00000000c5a00000, 0x00000000c5b00000|  0%| F|  |TAMS 0x00000000c5a00000, 0x00000000c5a00000| Untracked 
|  91|0x00000000c5b00000, 0x00000000c5b00000, 0x00000000c5c00000|  0%| F|  |TAMS 0x00000000c5b00000, 0x00000000c5b00000| Untracked 
|  92|0x00000000c5c00000, 0x00000000c5c00000, 0x00000000c5d00000|  0%| F|  |TAMS 0x00000000c5c00000, 0x00000000c5c00000| Untracked 
|  93|0x00000000c5d00000, 0x00000000c5d00000, 0x00000000c5e00000|  0%| F|  |TAMS 0x00000000c5d00000, 0x00000000c5d00000| Untracked 
|  94|0x00000000c5e00000, 0x00000000c5e00000, 0x00000000c5f00000|  0%| F|  |TAMS 0x00000000c5e00000, 0x00000000c5e00000| Untracked 
|  95|0x00000000c5f00000, 0x00000000c5f00000, 0x00000000c6000000|  0%| F|  |TAMS 0x00000000c5f00000, 0x00000000c5f00000| Untracked 
|  96|0x00000000c6000000, 0x00000000c6000000, 0x00000000c6100000|  0%| F|  |TAMS 0x00000000c6000000, 0x00000000c6000000| Untracked 
|  97|0x00000000c6100000, 0x00000000c6100000, 0x00000000c6200000|  0%| F|  |TAMS 0x00000000c6100000, 0x00000000c6100000| Untracked 
|  98|0x00000000c6200000, 0x00000000c6200000, 0x00000000c6300000|  0%| F|  |TAMS 0x00000000c6200000, 0x00000000c6200000| Untracked 
|  99|0x00000000c6300000, 0x00000000c6300000, 0x00000000c6400000|  0%| F|  |TAMS 0x00000000c6300000, 0x00000000c6300000| Untracked 
| 100|0x00000000c6400000, 0x00000000c6400000, 0x00000000c6500000|  0%| F|  |TAMS 0x00000000c6400000, 0x00000000c6400000| Untracked 
| 101|0x00000000c6500000, 0x00000000c6500000, 0x00000000c6600000|  0%| F|  |TAMS 0x00000000c6500000, 0x00000000c6500000| Untracked 
| 102|0x00000000c6600000, 0x00000000c6600000, 0x00000000c6700000|  0%| F|  |TAMS 0x00000000c6600000, 0x00000000c6600000| Untracked 
| 103|0x00000000c6700000, 0x00000000c6700000, 0x00000000c6800000|  0%| F|  |TAMS 0x00000000c6700000, 0x00000000c6700000| Untracked 
| 104|0x00000000c6800000, 0x00000000c6800000, 0x00000000c6900000|  0%| F|  |TAMS 0x00000000c6800000, 0x00000000c6800000| Untracked 
| 105|0x00000000c6900000, 0x00000000c6900000, 0x00000000c6a00000|  0%| F|  |TAMS 0x00000000c6900000, 0x00000000c6900000| Untracked 
| 106|0x00000000c6a00000, 0x00000000c6a00000, 0x00000000c6b00000|  0%| F|  |TAMS 0x00000000c6a00000, 0x00000000c6a00000| Untracked 
| 107|0x00000000c6b00000, 0x00000000c6b00000, 0x00000000c6c00000|  0%| F|  |TAMS 0x00000000c6b00000, 0x00000000c6b00000| Untracked 
| 108|0x00000000c6c00000, 0x00000000c6c00000, 0x00000000c6d00000|  0%| F|  |TAMS 0x00000000c6c00000, 0x00000000c6c00000| Untracked 
| 109|0x00000000c6d00000, 0x00000000c6d00000, 0x00000000c6e00000|  0%| F|  |TAMS 0x00000000c6d00000, 0x00000000c6d00000| Untracked 
| 110|0x00000000c6e00000, 0x00000000c6e00000, 0x00000000c6f00000|  0%| F|  |TAMS 0x00000000c6e00000, 0x00000000c6e00000| Untracked 
| 111|0x00000000c6f00000, 0x00000000c6f00000, 0x00000000c7000000|  0%| F|  |TAMS 0x00000000c6f00000, 0x00000000c6f00000| Untracked 
| 112|0x00000000c7000000, 0x00000000c7000000, 0x00000000c7100000|  0%| F|  |TAMS 0x00000000c7000000, 0x00000000c7000000| Untracked 
| 113|0x00000000c7100000, 0x00000000c7100000, 0x00000000c7200000|  0%| F|  |TAMS 0x00000000c7100000, 0x00000000c7100000| Untracked 
| 114|0x00000000c7200000, 0x00000000c7200000, 0x00000000c7300000|  0%| F|  |TAMS 0x00000000c7200000, 0x00000000c7200000| Untracked 
| 115|0x00000000c7300000, 0x00000000c7300000, 0x00000000c7400000|  0%| F|  |TAMS 0x00000000c7300000, 0x00000000c7300000| Untracked 
| 116|0x00000000c7400000, 0x00000000c7400000, 0x00000000c7500000|  0%| F|  |TAMS 0x00000000c7400000, 0x00000000c7400000| Untracked 
| 117|0x00000000c7500000, 0x00000000c7500000, 0x00000000c7600000|  0%| F|  |TAMS 0x00000000c7500000, 0x00000000c7500000| Untracked 
| 118|0x00000000c7600000, 0x00000000c7600000, 0x00000000c7700000|  0%| F|  |TAMS 0x00000000c7600000, 0x00000000c7600000| Untracked 
| 119|0x00000000c7700000, 0x00000000c7700000, 0x00000000c7800000|  0%| F|  |TAMS 0x00000000c7700000, 0x00000000c7700000| Untracked 
| 120|0x00000000c7800000, 0x00000000c7800000, 0x00000000c7900000|  0%| F|  |TAMS 0x00000000c7800000, 0x00000000c7800000| Untracked 
| 121|0x00000000c7900000, 0x00000000c7900000, 0x00000000c7a00000|  0%| F|  |TAMS 0x00000000c7900000, 0x00000000c7900000| Untracked 
| 122|0x00000000c7a00000, 0x00000000c7a00000, 0x00000000c7b00000|  0%| F|  |TAMS 0x00000000c7a00000, 0x00000000c7a00000| Untracked 
| 123|0x00000000c7b00000, 0x00000000c7b00000, 0x00000000c7c00000|  0%| F|  |TAMS 0x00000000c7b00000, 0x00000000c7b00000| Untracked 
| 124|0x00000000c7c00000, 0x00000000c7c00000, 0x00000000c7d00000|  0%| F|  |TAMS 0x00000000c7c00000, 0x00000000c7c00000| Untracked 
| 125|0x00000000c7d00000, 0x00000000c7d80800, 0x00000000c7e00000| 50%| E|  |TAMS 0x00000000c7d00000, 0x00000000c7d00000| Complete 
| 126|0x00000000c7e00000, 0x00000000c7f00000, 0x00000000c7f00000|100%| E|CS|TAMS 0x00000000c7e00000, 0x00000000c7e00000| Complete 
| 127|0x00000000c7f00000, 0x00000000c8000000, 0x00000000c8000000|100%| E|CS|TAMS 0x00000000c7f00000, 0x00000000c7f00000| Complete 
| 128|0x00000000c8000000, 0x00000000c8100000, 0x00000000c8100000|100%| E|CS|TAMS 0x00000000c8000000, 0x00000000c8000000| Complete 
| 129|0x00000000c8100000, 0x00000000c8200000, 0x00000000c8200000|100%| E|CS|TAMS 0x00000000c8100000, 0x00000000c8100000| Complete 
| 130|0x00000000c8200000, 0x00000000c8300000, 0x00000000c8300000|100%| E|CS|TAMS 0x00000000c8200000, 0x00000000c8200000| Complete 
| 131|0x00000000c8300000, 0x00000000c8400000, 0x00000000c8400000|100%| E|CS|TAMS 0x00000000c8300000, 0x00000000c8300000| Complete 
| 132|0x00000000c8400000, 0x00000000c8500000, 0x00000000c8500000|100%| E|CS|TAMS 0x00000000c8400000, 0x00000000c8400000| Complete 
| 133|0x00000000c8500000, 0x00000000c8600000, 0x00000000c8600000|100%| E|CS|TAMS 0x00000000c8500000, 0x00000000c8500000| Complete 
| 160|0x00000000ca000000, 0x00000000ca06ac98, 0x00000000ca100000| 41%| O|  |TAMS 0x00000000ca000000, 0x00000000ca000000| Untracked 
| 167|0x00000000ca700000, 0x00000000ca7830e0, 0x00000000ca800000| 51%| O|  |TAMS 0x00000000ca700000, 0x00000000ca700000| Untracked 
| 169|0x00000000ca900000, 0x00000000ca9102a0, 0x00000000caa00000|  6%| O|  |TAMS 0x00000000ca900000, 0x00000000ca900000| Untracked 

Card table byte_map: [0x0000018cc6150000,0x0000018cc6350000] _byte_map_base: 0x0000018cc5b50000

Marking Bits (Prev, Next): (CMBitMap*) 0x0000018cb79cf238, (CMBitMap*) 0x0000018cb79cf270
 Prev Bits: [0x0000018ce5e90000, 0x0000018ce6e90000)
 Next Bits: [0x0000018ce6e90000, 0x0000018ce7e90000)

Polling page: 0x0000018cc3d90000

Metaspace:

Usage:
  Non-class:      7.41 MB capacity,     7.30 MB ( 99%) used,   102.45 KB (  1%) free+waste,     7.00 KB ( <1%) overhead. 
      Class:    748.00 KB capacity,   708.75 KB ( 95%) used,    36.50 KB (  5%) free+waste,     2.75 KB ( <1%) overhead. 
       Both:      8.14 MB capacity,     8.00 MB ( 98%) used,   138.95 KB (  2%) free+waste,     9.75 KB ( <1%) overhead. 

Virtual space:
  Non-class space:        8.00 MB reserved,       7.50 MB ( 94%) committed 
      Class space:        1.00 GB reserved,     768.00 KB ( <1%) committed 
             Both:        1.01 GB reserved,       8.25 MB ( <1%) committed 

Chunk freelists:
   Non-Class:  28.00 KB
       Class:  20.00 KB
        Both:  48.00 KB

MaxMetaspaceSize: 17179869184.00 GB
CompressedClassSpaceSize: 1.00 GB
Initial GC threshold: 20.80 MB
Current GC threshold: 20.80 MB
CDS: off

CodeHeap 'non-profiled nmethods': size=120064Kb used=242Kb max_used=242Kb free=119821Kb
 bounds [0x0000018cde750000, 0x0000018cde9c0000, 0x0000018ce5c90000]
CodeHeap 'profiled nmethods': size=120000Kb used=1281Kb max_used=1281Kb free=118718Kb
 bounds [0x0000018cd7220000, 0x0000018cd7490000, 0x0000018cde750000]
CodeHeap 'non-nmethods': size=5696Kb used=1115Kb max_used=1140Kb free=4580Kb
 bounds [0x0000018cd6c90000, 0x0000018cd6f00000, 0x0000018cd7220000]
 total_blobs=1132 nmethods=766 adapters=279
 compilation: enabled
              stopped_count=0, restarted_count=0
 full_count=0

Compilation events (20 events):
Event: 0.512 Thread 0x0000018cc6be7800 nmethod 420 0x0000018cd72b6d10 code [0x0000018cd72b6f60, 0x0000018cd72b78c8]
Event: 0.512 Thread 0x0000018cc6be7800  429       3       java.util.StringJoiner::toString (181 bytes)
Event: 0.512 Thread 0x0000018cc6be7800 nmethod 429 0x0000018cd72b7c90 code [0x0000018cd72b7fa0, 0x0000018cd72b9088]
Event: 0.512 Thread 0x0000018cc6be7800  428       3       java.util.StringJoiner::<init> (56 bytes)
Event: 0.513 Thread 0x0000018cc6be7800 nmethod 428 0x0000018cd72b9910 code [0x0000018cd72b9b60, 0x0000018cd72ba458]
Event: 0.513 Thread 0x0000018cc6be7800  430       3       java.util.StringJoiner::getChars (15 bytes)
Event: 0.513 Thread 0x0000018cc6be7800 nmethod 430 0x0000018cd72ba790 code [0x0000018cd72ba960, 0x0000018cd72baba8]
Event: 0.513 Thread 0x0000018cc6be7800  431       3       java.util.StringJoiner::<init> (10 bytes)
Event: 0.513 Thread 0x0000018cc6be7800 nmethod 431 0x0000018cd72bad10 code [0x0000018cd72baec0, 0x0000018cd72bb008]
Event: 0.513 Thread 0x0000018cc6be7800  421       3       org.jpype.manager.TypeManager::isBeanAccessor (59 bytes)
Event: 0.513 Thread 0x0000018cc6be8800  433       4       java.lang.PublicMethods$MethodList::filter (104 bytes)
Event: 0.513 Thread 0x0000018cc6be7800 nmethod 421 0x0000018cd72bb090 code [0x0000018cd72bb2a0, 0x0000018cd72bb948]
Event: 0.513 Thread 0x0000018cc6be7800  422       3       org.jpype.manager.TypeManager::isBeanMutator (60 bytes)
Event: 0.514 Thread 0x0000018cc6be7800 nmethod 422 0x0000018cd72bbb90 code [0x0000018cd72bbda0, 0x0000018cd72bc448]
Event: 0.514 Thread 0x0000018cc6be7800  435       3       org.jpype.manager.TypeManager::createMethodDispatch (178 bytes)
Event: 0.515 Thread 0x0000018cc6be7800 nmethod 435 0x0000018cd72bc690 code [0x0000018cd72bc9c0, 0x0000018cd72bda98]
Event: 0.515 Thread 0x0000018cc6be7800  425       3       jdk.internal.misc.SharedSecrets::getJavaLangAccess (4 bytes)
Event: 0.515 Thread 0x0000018cc6be7800 nmethod 425 0x0000018cd72be210 code [0x0000018cd72be3c0, 0x0000018cd72be4b8]
Event: 0.515 Thread 0x0000018cc6be7800  434       3       java.util.TreeMap::setColor (10 bytes)
Event: 0.515 Thread 0x0000018cc6be7800 nmethod 434 0x0000018cd72be510 code [0x0000018cd72be6c0, 0x0000018cd72be7d8]

GC Heap History (2 events):
Event: 0.465 GC heap before
{Heap before GC invocations=0 (full 0):
 garbage-first heap   total 262144K, used 4096K [0x00000000c0000000, 0x0000000100000000)
  region size 1024K, 5 young (5120K), 0 survivors (0K)
 Metaspace       used 6926K, capacity 7058K, committed 7168K, reserved 1056768K
  class space    used 604K, capacity 668K, committed 768K, reserved 1048576K
}
Event: 0.470 GC heap after
{Heap after GC invocations=1 (full 1):
 garbage-first heap   total 17408K, used 1567K [0x00000000c0000000, 0x0000000100000000)
  region size 1024K, 0 young (0K), 0 survivors (0K)
 Metaspace       used 6926K, capacity 7058K, committed 7168K, reserved 1056768K
  class space    used 604K, capacity 668K, committed 768K, reserved 1048576K
}

Deoptimization events (8 events):
Event: 0.272 Thread 0x0000018cb6d3c800 Uncommon trap: trap_request=0xffffff4d fr.pc=0x0000018cde754ca4 relative=0x0000000000000184
Event: 0.273 Thread 0x0000018cb6d3c800 Uncommon trap: reason=unstable_if action=reinterpret pc=0x0000018cde754ca4 method=java.lang.String.hashCode()I @ 14 c2
Event: 0.273 Thread 0x0000018cb6d3c800 DEOPT PACKING pc=0x0000018cde754ca4 sp=0x0000008b6efe7950
Event: 0.273 Thread 0x0000018cb6d3c800 DEOPT UNPACKING pc=0x0000018cd6cda1af sp=0x0000008b6efe78e8 mode 2
Event: 0.463 Thread 0x0000018cb6d3c800 Uncommon trap: trap_request=0xffffff4d fr.pc=0x0000018cde764418 relative=0x00000000000001d8
Event: 0.463 Thread 0x0000018cb6d3c800 Uncommon trap: reason=unstable_if action=reinterpret pc=0x0000018cde764418 method=java.util.HashMap.getNode(ILjava/lang/Object;)Ljava/util/HashMap$Node; @ 129 c2
Event: 0.463 Thread 0x0000018cb6d3c800 DEOPT PACKING pc=0x0000018cde764418 sp=0x0000008b6efe54a0
Event: 0.463 Thread 0x0000018cb6d3c800 DEOPT UNPACKING pc=0x0000018cd6cda1af sp=0x0000008b6efe5410 mode 2

Classes redefined (0 events):
No events

Internal exceptions (3 events):
Event: 0.348 Thread 0x0000018cb6d3c800 Exception <a 'java/lang/NoClassDefFoundError'{0x00000000cfd87058}: org/jpype/classloader/DynamicClassLoader> (0x00000000cfd87058) thrown at [s\src\hotspot\share\classfile\systemDictionary.cpp, line 219]
Event: 0.427 Thread 0x0000018cb6d3c800 Exception <a 'sun/nio/fs/WindowsException'{0x00000000cfc8d0e0}> (0x00000000cfc8d0e0) thrown at [s\src\hotspot\share\prims\jni.cpp, line 617]
Event: 0.428 Thread 0x0000018cb6d3c800 Exception <a 'sun/nio/fs/WindowsException'{0x00000000cfc8d898}> (0x00000000cfc8d898) thrown at [s\src\hotspot\share\prims\jni.cpp, line 617]

Events (20 events):
Event: 0.462 loading class java/lang/Deprecated done
Event: 0.463 loading class java/lang/annotation/Documented
Event: 0.463 loading class java/lang/annotation/Documented done
Event: 0.465 Executing VM operation: G1CollectFull
Event: 0.471 Executing VM operation: G1CollectFull done
Event: 0.471 loading class java/util/function/ToIntFunction
Event: 0.471 loading class java/util/function/ToIntFunction done
Event: 0.471 loading class java/util/function/ToLongFunction
Event: 0.471 loading class java/util/function/ToLongFunction done
Event: 0.471 loading class java/util/function/ToDoubleFunction
Event: 0.471 loading class java/util/function/ToDoubleFunction done
Event: 0.475 Thread 0x0000018cc6bea000 Thread added: 0x0000018cc6bea000
Event: 0.509 loading class java/util/Spliterator$OfInt
Event: 0.509 loading class java/util/Spliterator$OfPrimitive
Event: 0.509 loading class java/util/Spliterator
Event: 0.509 loading class java/util/Spliterator done
Event: 0.509 loading class java/util/Spliterator$OfPrimitive done
Event: 0.509 loading class java/util/Spliterator$OfInt done
Event: 0.513 loading class java/lang/Byte$ByteCache
Event: 0.513 loading class java/lang/Byte$ByteCache done


Dynamic libraries:
0x00007ff726750000 - 0x00007ff72676c000 	c:\Python39\python.exe
0x00007ffb27970000 - 0x00007ffb27b68000 	C:\Windows\SYSTEM32\ntdll.dll
0x00007ffb25b40000 - 0x00007ffb25bfd000 	C:\Windows\System32\KERNEL32.DLL
0x00007ffb25050000 - 0x00007ffb25346000 	C:\Windows\System32\KERNELBASE.dll
0x00007ffb25350000 - 0x00007ffb25450000 	C:\Windows\System32\ucrtbase.dll
0x00007ffab5630000 - 0x00007ffab5aac000 	c:\Python39\python39.dll
0x00007ffb20e50000 - 0x00007ffb20e6b000 	c:\Python39\VCRUNTIME140.dll
0x00007ffb263b0000 - 0x00007ffb2641b000 	C:\Windows\System32\WS2_32.dll
0x00007ffb272e0000 - 0x00007ffb27406000 	C:\Windows\System32\RPCRT4.dll
0x00007ffb1f6f0000 - 0x00007ffb1f6fa000 	C:\Windows\SYSTEM32\VERSION.dll
0x00007ffb25c40000 - 0x00007ffb25cde000 	C:\Windows\System32\msvcrt.dll
0x00007ffb259d0000 - 0x00007ffb25a7f000 	C:\Windows\System32\ADVAPI32.dll
0x00007ffb25d40000 - 0x00007ffb25ddc000 	C:\Windows\System32\sechost.dll
0x00007ffb249f0000 - 0x00007ffb24a08000 	C:\Windows\SYSTEM32\CRYPTSP.dll
0x00007ffb240b0000 - 0x00007ffb240e4000 	C:\Windows\system32\rsaenh.dll
0x00007ffb25450000 - 0x00007ffb25477000 	C:\Windows\System32\bcrypt.dll
0x00007ffb249e0000 - 0x00007ffb249ec000 	C:\Windows\SYSTEM32\CRYPTBASE.dll
0x00007ffb254d0000 - 0x00007ffb25552000 	C:\Windows\System32\bcryptPrimitives.dll
0x00007ffb20e40000 - 0x00007ffb20e4f000 	c:\Python39\python3.DLL
0x00007ffb13a40000 - 0x00007ffb13a50400 	C:\Users\tjoeun\AppData\Roaming\Python\Python39\site-packages\zmq\backend\cython\_device.cp39-win_amd64.pyd
0x00007ffb00d40000 - 0x00007ffb00dc5400 	C:\Users\tjoeun\AppData\Roaming\Python\Python39\site-packages\pyzmq.libs\libzmq-v141-mt-4_3_4-0a6f51ca.dll
0x00007ffb06930000 - 0x00007ffb0697f000 	C:\Users\tjoeun\AppData\Roaming\Python\Python39\site-packages\pyzmq.libs\libsodium-ac42d648.dll
0x00007ffb24490000 - 0x00007ffb244cb000 	C:\Windows\SYSTEM32\IPHLPAPI.DLL
0x00007ffaffa50000 - 0x00007ffaffaeb000 	C:\Users\tjoeun\AppData\Roaming\Python\Python39\site-packages\pyzmq.libs\MSVCP140.dll
0x00007ffb08d80000 - 0x00007ffb08d93400 	C:\Users\tjoeun\AppData\Roaming\Python\Python39\site-packages\zmq\backend\cython\context.cp39-win_amd64.pyd
0x00007ffb067f0000 - 0x00007ffb06815400 	C:\Users\tjoeun\AppData\Roaming\Python\Python39\site-packages\zmq\backend\cython\socket.cp39-win_amd64.pyd
0x00007ffb08800000 - 0x00007ffb08819400 	C:\Users\tjoeun\AppData\Roaming\Python\Python39\site-packages\zmq\backend\cython\message.cp39-win_amd64.pyd
0x00007ffb06b00000 - 0x00007ffb06b13400 	C:\Users\tjoeun\AppData\Roaming\Python\Python39\site-packages\zmq\backend\cython\_poll.cp39-win_amd64.pyd
0x00007ffb067d0000 - 0x00007ffb067e0400 	C:\Users\tjoeun\AppData\Roaming\Python\Python39\site-packages\zmq\backend\cython\_proxy_steerable.cp39-win_amd64.pyd
0x00007ffb086f0000 - 0x00007ffb086fc400 	C:\Users\tjoeun\AppData\Roaming\Python\Python39\site-packages\zmq\backend\cython\_version.cp39-win_amd64.pyd
0x00007ffb08220000 - 0x00007ffb0822d400 	C:\Users\tjoeun\AppData\Roaming\Python\Python39\site-packages\zmq\backend\cython\error.cp39-win_amd64.pyd
0x00007ffb06a40000 - 0x00007ffb06a4f400 	C:\Users\tjoeun\AppData\Roaming\Python\Python39\site-packages\zmq\backend\cython\utils.cp39-win_amd64.pyd
0x00007ffb1eb00000 - 0x00007ffb1eb16000 	c:\Python39\DLLs\_socket.pyd
0x00007ffb20e30000 - 0x00007ffb20e3a000 	c:\Python39\DLLs\select.pyd
0x00007ffb06490000 - 0x00007ffb064b7000 	c:\Python39\DLLs\_ssl.pyd
0x00007ffb25670000 - 0x00007ffb257cd000 	C:\Windows\System32\CRYPT32.dll
0x00007ffafe9c0000 - 0x00007ffafed10000 	c:\Python39\DLLs\libcrypto-1_1.dll
0x00007ffb266a0000 - 0x00007ffb2683e000 	C:\Windows\System32\USER32.dll
0x00007ffaff9a0000 - 0x00007ffaffa4d000 	c:\Python39\DLLs\libssl-1_1.dll
0x00007ffb25880000 - 0x00007ffb258a2000 	C:\Windows\System32\win32u.dll
0x00007ffb262d0000 - 0x00007ffb262fc000 	C:\Windows\System32\GDI32.dll
0x00007ffb258b0000 - 0x00007ffb259ca000 	C:\Windows\System32\gdi32full.dll
0x00007ffb255d0000 - 0x00007ffb2566d000 	C:\Windows\System32\msvcp_win.dll
0x00007ffb25c00000 - 0x00007ffb25c30000 	C:\Windows\System32\IMM32.DLL
0x00007ffb06470000 - 0x00007ffb06482000 	c:\Python39\DLLs\_asyncio.pyd
0x00007ffb06920000 - 0x00007ffb0692e000 	c:\Python39\DLLs\_overlapped.pyd
0x00007ffb247f0000 - 0x00007ffb2485a000 	C:\Windows\system32\mswsock.dll
0x00007ffb1d440000 - 0x00007ffb1d457000 	c:\Python39\DLLs\_bz2.pyd
0x00007ffb06980000 - 0x00007ffb069aa000 	c:\Python39\DLLs\_lzma.pyd
0x00007ffb208f0000 - 0x00007ffb208f9000 	c:\Python39\DLLs\_queue.pyd
0x00007ffb03e50000 - 0x00007ffb03e62000 	c:\Python39\DLLs\_hashlib.pyd
0x00007ffb06790000 - 0x00007ffb06797000 	C:\Users\tjoeun\AppData\Roaming\Python\Python39\site-packages\tornado\speedups.pyd
0x00007ffb1d360000 - 0x00007ffb1d381000 	c:\Python39\DLLs\_ctypes.pyd
0x00007ffb25e40000 - 0x00007ffb25f6b000 	C:\Windows\System32\ole32.dll
0x00007ffb1d650000 - 0x00007ffb1d65b000 	c:\Python39\DLLs\libffi-7.dll
0x00007ffb25f70000 - 0x00007ffb262c4000 	C:\Windows\System32\combase.dll
0x00007ffb26430000 - 0x00007ffb264fd000 	C:\Windows\System32\OLEAUT32.dll
0x00007ffb03130000 - 0x00007ffb03174000 	c:\Python39\DLLs\_decimal.pyd
0x00007ffb06430000 - 0x00007ffb06439000 	c:\Python39\DLLs\_uuid.pyd
0x00007ffb268c0000 - 0x00007ffb27004000 	C:\Windows\System32\shell32.DLL
0x00007ffb03110000 - 0x00007ffb03128000 	c:\Python39\DLLs\_sqlite3.pyd
0x00007ffaf9720000 - 0x00007ffaf989c000 	c:\Python39\DLLs\sqlite3.dll
0x00007ffaff880000 - 0x00007ffaff994000 	c:\Python39\DLLs\unicodedata.pyd
0x00007ffb02c70000 - 0x00007ffb02c84000 	C:\Users\tjoeun\AppData\Roaming\Python\Python39\site-packages\psutil\_psutil_windows.pyd
0x00007ffb26420000 - 0x00007ffb26428000 	C:\Windows\System32\PSAPI.DLL
0x00007ffb24600000 - 0x00007ffb2464b000 	C:\Windows\SYSTEM32\POWRPROF.dll
0x00007ffb02960000 - 0x00007ffb029a9000 	C:\Windows\SYSTEM32\pdh.dll
0x00007ffb24470000 - 0x00007ffb24482000 	C:\Windows\SYSTEM32\UMPDC.dll
0x00007ffb20580000 - 0x00007ffb20594000 	C:\Windows\SYSTEM32\wtsapi32.dll
0x00007ffaff840000 - 0x00007ffaff874000 	c:\Python39\DLLs\pyexpat.pyd
0x00007ffafe960000 - 0x00007ffafe9b4000 	C:\Users\tjoeun\AppData\Roaming\Python\Python39\site-packages\debugpy\_vendored\pydevd\_pydevd_bundle\pydevd_cython.cp39-win_amd64.pyd
0x00007ffb22f30000 - 0x00007ffb22f42000 	C:\Windows\SYSTEM32\kernel.appcore.dll
0x00007ffb25c30000 - 0x00007ffb25c38000 	C:\Windows\System32\NSI.dll
0x00007ffb1ff00000 - 0x00007ffb1ff17000 	C:\Windows\SYSTEM32\dhcpcsvc6.DLL
0x00007ffb1fee0000 - 0x00007ffb1fefd000 	C:\Windows\SYSTEM32\dhcpcsvc.DLL
0x00007ffb244d0000 - 0x00007ffb2459a000 	C:\Windows\SYSTEM32\DNSAPI.dll
0x00007ffb27410000 - 0x00007ffb274bd000 	C:\Windows\System32\shcore.dll
0x00007ffb1aa10000 - 0x00007ffb1aa41000 	c:\Python39\DLLs\_elementtree.pyd
0x00007ffae3520000 - 0x00007ffae37f8000 	c:\Python39\lib\site-packages\numpy\core\_multiarray_umath.cp39-win_amd64.pyd
0x00007ffaae3f0000 - 0x00007ffab04a6000 	c:\Python39\lib\site-packages\numpy.libs\libopenblas64__v0.3.23-293-gc2f4bdbb-gcc_10_3_0-2bde3a66a51006b2b53eb373ff767a3f.dll
0x00007ffb1a9d0000 - 0x00007ffb1a9e4000 	c:\Python39\lib\site-packages\numpy\core\_multiarray_tests.cp39-win_amd64.pyd
0x00007ffb1a9b0000 - 0x00007ffb1a9cd000 	c:\Python39\lib\site-packages\numpy\linalg\_umath_linalg.cp39-win_amd64.pyd
0x00007ffb1a000000 - 0x00007ffb1a01e000 	c:\Python39\lib\site-packages\numpy\fft\_pocketfft_internal.cp39-win_amd64.pyd
0x00007ffafe770000 - 0x00007ffafe807000 	c:\Python39\lib\site-packages\numpy\random\mtrand.cp39-win_amd64.pyd
0x00007ffb15ad0000 - 0x00007ffb15afc000 	c:\Python39\lib\site-packages\numpy\random\bit_generator.cp39-win_amd64.pyd
0x00007ffb15740000 - 0x00007ffb1576f000 	c:\Python39\lib\site-packages\numpy\random\_common.cp39-win_amd64.pyd
0x00007ffb08db0000 - 0x00007ffb08df4000 	c:\Python39\lib\site-packages\numpy\random\_bounded_integers.cp39-win_amd64.pyd
0x00007ffb15ab0000 - 0x00007ffb15ac7000 	c:\Python39\lib\site-packages\numpy\random\_mt19937.cp39-win_amd64.pyd
0x00007ffb15a80000 - 0x00007ffb15a95000 	c:\Python39\lib\site-packages\numpy\random\_philox.cp39-win_amd64.pyd
0x00007ffb155f0000 - 0x00007ffb1560a000 	c:\Python39\lib\site-packages\numpy\random\_pcg64.cp39-win_amd64.pyd
0x00007ffb20f70000 - 0x00007ffb20f80000 	c:\Python39\lib\site-packages\numpy\random\_sfc64.cp39-win_amd64.pyd
0x00007ffafe380000 - 0x00007ffafe430000 	c:\Python39\lib\site-packages\numpy\random\_generator.cp39-win_amd64.pyd
0x00007ffb15a60000 - 0x00007ffb15a72000 	c:\Python39\DLLs\_tkinter.pyd
0x00007ffacde00000 - 0x00007ffacdfcb000 	c:\Python39\DLLs\tcl86t.dll
0x00007ffae2f30000 - 0x00007ffae30ab000 	c:\Python39\DLLs\tk86t.dll
0x00007ffb1b360000 - 0x00007ffb1b379000 	C:\Windows\SYSTEM32\NETAPI32.dll
0x00007ffb24f40000 - 0x00007ffb24f6e000 	C:\Windows\SYSTEM32\USERENV.dll
0x00007ffb245b0000 - 0x00007ffb245f3000 	C:\Windows\SYSTEM32\LOGONCLI.DLL
0x00007ffb26500000 - 0x00007ffb265da000 	C:\Windows\System32\COMDLG32.dll
0x00007ffb25ce0000 - 0x00007ffb25d35000 	C:\Windows\System32\SHLWAPI.dll
0x00007ffb1c700000 - 0x00007ffb1c719000 	C:\Windows\SYSTEM32\SAMCLI.DLL
0x00007ffb184c0000 - 0x00007ffb1875a000 	C:\Windows\WinSxS\amd64_microsoft.windows.common-controls_6595b64144ccf1df_6.0.19041.3636_none_60b6a03d71f818d5\COMCTL32.dll
0x00007ffb245a0000 - 0x00007ffb245ac000 	C:\Windows\SYSTEM32\NETUTILS.DLL
0x00007ffb15870000 - 0x00007ffb1591a000 	c:\Python39\lib\site-packages\regex\_regex.cp39-win_amd64.pyd
0x00007ffb22a60000 - 0x00007ffb22afe000 	C:\Windows\system32\uxtheme.dll
0x00007ffb27010000 - 0x00007ffb27124000 	C:\Windows\System32\MSCTF.dll
0x00007ffb20910000 - 0x00007ffb2091a000 	C:\Python39\tcl\reg1.3\tclreg13.dll
0x00007ffb24c20000 - 0x00007ffb24c32000 	C:\Windows\System32\MSASN1.dll
0x00007ffb1d470000 - 0x00007ffb1d47a000 	C:\Windows\System32\rasadhlp.dll
0x00007ffb1d480000 - 0x00007ffb1d500000 	C:\Windows\System32\fwpuclnt.dll
0x00007ffb13be0000 - 0x00007ffb13c8c000 	C:\Windows\System32\TextShaping.dll
0x00007ffb15110000 - 0x00007ffb1520a000 	C:\Windows\SYSTEM32\textinputframework.dll
0x00007ffb22320000 - 0x00007ffb2267b000 	C:\Windows\System32\CoreUIComponents.dll
0x00007ffb22680000 - 0x00007ffb22772000 	C:\Windows\System32\CoreMessaging.dll
0x00007ffb241d0000 - 0x00007ffb24203000 	C:\Windows\SYSTEM32\ntmarta.dll
0x00007ffb21c50000 - 0x00007ffb21da5000 	C:\Windows\SYSTEM32\wintypes.dll
0x00007ffb26300000 - 0x00007ffb263a9000 	C:\Windows\System32\clbcatq.dll
0x00007ffaf86f0000 - 0x00007ffaf87c1000 	C:\Windows\System32\IME\IMEKR\imkrtip.dll
0x00007ffb1ed90000 - 0x00007ffb1ee86000 	C:\Windows\SYSTEM32\PROPSYS.dll
0x00007ffaf85a0000 - 0x00007ffaf86e2000 	C:\Windows\System32\IME\shared\imetip.dll
0x00007ffaf83a0000 - 0x00007ffaf854e000 	C:\Windows\SYSTEM32\DUI70.dll
0x00007ffb10530000 - 0x00007ffb10596000 	C:\Windows\SYSTEM32\OLEACC.dll
0x00007ffb08630000 - 0x00007ffb08671000 	C:\Windows\System32\IME\IMEKR\imkrapi.dll
0x00007ffb20350000 - 0x00007ffb203f1000 	C:\Windows\SYSTEM32\policymanager.dll
0x00007ffb24140000 - 0x00007ffb241ca000 	C:\Windows\SYSTEM32\msvcp110_win.dll
0x00007ffb086b0000 - 0x00007ffb086ee000 	C:\Windows\System32\IME\shared\imjkapi.dll
0x00007ffaba5b0000 - 0x00007ffaba857000 	c:\Python39\lib\site-packages\pyarrow\lib.cp39-win_amd64.pyd
0x00007ffae1470000 - 0x00007ffae15c0000 	c:\Python39\lib\site-packages\pyarrow\arrow_python.dll

dbghelp: loaded successfully - version: 4.0.5 - missing functions: none
symbol engine: initialized successfully - sym options: 0x614 - pdb path: .;c:\Python39;C:\Windows\SYSTEM32;C:\Users\tjoeun\AppData\Roaming\Python\Python39\site-packages\zmq\backend\cython;C:\Users\tjoeun\AppData\Roaming\Python\Python39\site-packages\pyzmq.libs;c:\Python39\DLLs;C:\Users\tjoeun\AppData\Roaming\Python\Python39\site-packages\tornado;C:\Users\tjoeun\AppData\Roaming\Python\Python39\site-packages\psutil;C:\Users\tjoeun\AppData\Roaming\Python\Python39\site-packages\debugpy\_vendored\pydevd\_pydevd_bundle;c:\Python39\lib\site-packages\numpy\core;c:\Python39\lib\site-packages\numpy.libs;c:\Python39\lib\site-packages\numpy\linalg;c:\Python39\lib\site-packages\numpy\fft;c:\Python39\lib\site-packages\numpy\random;C:\Windows\WinSxS\amd64_microsoft.windows.common-controls_6595b64144ccf1df_6.0.19041.3636_none_60b6a03d71f818d5;c:\Python39\lib\site-packages\regex;C:\Python39\tcl\reg1.3;C:\Windows\System32\IME\IMEKR;C:\Windows\System32\IME\shared;c:\Python39\lib\site-packages\pyarrow;c:\Python39\lib\site-packages;C:\Program Files\Amazon Corretto\jdk11.0.21_9\bin\server;C:\Program Files\Amazon Corretto\jdk11.0.21_9\bin

VM Arguments:
jvm_args: -Dfile.encoding=UTF8 -ea -Xmx1024m 
java_command: <unknown>
java_class_path (initial): C:\Python39\Lib\site-packages\konlpy\java;C:\Python39\Lib\site-packages\konlpy\java\bin;C:\Python39\Lib\site-packages\konlpy\java\aho-corasick.jar;C:\Python39\Lib\site-packages\konlpy\java\jhannanum-0.8.4.jar;C:\Python39\Lib\site-packages\konlpy\java\kkma-2.0.jar;C:\Python39\Lib\site-packages\konlpy\java\komoran-3.0.jar;C:\Python39\Lib\site-packages\konlpy\java\open-korean-text-2.1.0.jar;C:\Python39\Lib\site-packages\konlpy\java\scala-library-2.12.3.jar;C:\Python39\Lib\site-packages\konlpy\java\shineware-common-1.0.jar;C:\Python39\Lib\site-packages\konlpy\java\shineware-ds-1.0.jar;C:\Python39\Lib\site-packages\konlpy\java\snakeyaml-1.12.jar;C:\Python39\Lib\site-packages\konlpy\java\twitter-text-1.14.7.jar;C:\Python39\Lib\site-packages\konlpy\java\jhannanum-0.8.4.jar;C:\Python39\Lib\site-packages\konlpy\java\kkma-2.0.jar;C:\Python39\Lib\site-packages\konlpy\java\aho-corasick.jar;C:\Python39\Lib\site-packages\konlpy\java\shineware-common-1.0.jar;C:\Python39\Lib\site-packages\konlpy\java\shineware-ds-1.0.jar;C:\Python39\Lib\site-packages\konlpy\java\komoran-3.0.jar;C:\Python39\Lib\site-packages\konlpy\java\snakeyaml-1.12.jar;C:\Python39\Lib\site-packages\konlpy\java\scala-library-2.12.3.jar;C:\Python39\Lib\site-packages\konlpy\java\open-korean-text-2.1.0.jar;C:\Python39\Lib\site-packages\konlpy\java\twitter-text-1.14.7.jar;C:\Python39\Lib\site-packages\konlpy\java\aho-corasick.jar;C:\Python39\Lib\site-packages\konlpy\java\jhannanum-0.8.4.jar;C:\Python39\Lib\site-packages\konlpy\java\kkma-2.0.jar;C:\Python39\Lib\site-packages\konlpy\java\komoran-3.0.jar;C:\Python39\Lib\site-packages\konlpy\java\open-korean-text-2.1.0.jar;C:\Python39\Lib\site-packages\konlpy\java\scala-library-2.12.3.jar;C:\Python39\Lib\site-packages\konlpy\java\shineware-common-1.0.jar;C:\Python39\Lib\site-packages\konlpy\java\shineware-ds-1.0.jar;C:\Python39\Lib\site-packages\konlpy\java\snakeyaml-1.12.jar;C:\Python39\Lib\site-packages\konlpy\java\twitter-text-1.14.7.jar
Launcher Type: generic

[Global flags]
     intx CICompilerCount                          = 3                                         {product} {ergonomic}
     uint ConcGCThreads                            = 2                                         {product} {ergonomic}
     uint G1ConcRefinementThreads                  = 6                                         {product} {ergonomic}
   size_t G1HeapRegionSize                         = 1048576                                   {product} {ergonomic}
    uintx GCDrainStackTargetSize                   = 64                                        {product} {ergonomic}
   size_t InitialHeapSize                          = 268435456                                 {product} {ergonomic}
   size_t MarkStackSize                            = 4194304                                   {product} {ergonomic}
   size_t MaxHeapSize                              = 1073741824                                {product} {command line}
   size_t MaxNewSize                               = 643825664                                 {product} {ergonomic}
   size_t MinHeapDeltaBytes                        = 1048576                                   {product} {ergonomic}
    uintx NonNMethodCodeHeapSize                   = 5830732                                {pd product} {ergonomic}
    uintx NonProfiledCodeHeapSize                  = 122913754                              {pd product} {ergonomic}
    uintx ProfiledCodeHeapSize                     = 122913754                              {pd product} {ergonomic}
    uintx ReservedCodeCacheSize                    = 251658240                              {pd product} {ergonomic}
     bool SegmentedCodeCache                       = true                                      {product} {ergonomic}
     bool UseCompressedClassPointers               = true                                 {lp64_product} {ergonomic}
     bool UseCompressedOops                        = true                                 {lp64_product} {ergonomic}
     bool UseG1GC                                  = true                                      {product} {ergonomic}
     bool UseLargePagesIndividualAllocation        = false                                  {pd product} {ergonomic}

Logging:
Log output configuration:
 #0: stdout all=warning uptime,level,tags
 #1: stderr all=off uptime,level,tags

Environment Variables:
JAVA_HOME=C:\Program Files\Amazon Corretto\jdk11.0.21_9
PATH=c:\Python39;c:\Users\tjoeun\AppData\Roaming\Python\Python39\Scripts;C:\Program Files\Amazon Corretto\jdk11.0.21_9\bin;C:\Program Files\Amazon Corretto\jdk11.0.21_9\bin;C:\Program Files\Common Files\Oracle\Java\javapath;C:\Windows\system32;C:\Windows;C:\Windows\System32\Wbem;C:\Windows\System32\WindowsPowerShell\v1.0\;C:\Windows\System32\OpenSSH\;C:\Program Files (x86)\NVIDIA Corporation\PhysX\Common;C:\Program Files\NVIDIA Corporation\NVIDIA NvDLISR;C:\Program Files\Bandizip\;C:\Python39;C:\Python39\Scripts;C:\Program Files\Git\cmd;C:\Program Files\Calibre2\;C:\Program Files\nodejs\;C:\Python39\Scripts\;C:\Python39\;C:\Users\tjoeun\AppData\Local\Microsoft\WindowsApps;C:\Program Files\JetBrains\PyCharm Community Edition 2023.2.3\bin;;C:\Users\tjoeun\AppData\Local\Programs\Microsoft VS Code\bin;c:\users\tjoeun\appdata\roaming\python\python39\Scripts\;C:\Users\tjoeun\AppData\Roaming\npm;C:\Program Files\Amazon Corretto\jdk11.0.21_9\bin;C:\Program Files\Amazon Corretto\jdk11.0.21_9\bin;C:\Program Files\Common Files\Oracle\Java\javapath;C:\Windows\system32;C:\Windows;C:\Windows\System32\Wbem;C:\Windows\System32\WindowsPowerShell\v1.0\;C:\Windows\System32\OpenSSH\;C:\Program Files (x86)\NVIDIA Corporation\PhysX\Common;C:\Program Files\NVIDIA Corporation\NVIDIA NvDLISR;C:\Program Files\Bandizip\;C:\Python39;C:\Python39\Scripts;C:\Program Files\Git\cmd;C:\Program Files\Calibre2\;C:\Program Files\nodejs\;C:\Python39\Scripts\;C:\Python39\;C:\Users\tjoeun\AppData\Local\Microsoft\WindowsApps;C:\Program Files\JetBrains\PyCharm Community Edition 2023.2.3\bin;;C:\Users\tjoeun\AppData\Local\Programs\Microsoft VS Code\bin;c:\users\tjoeun\appdata\roaming\python\python39\Scripts\;C:\Users\tjoeun\AppData\Roaming\npm
USERNAME=tjoeun
TERM=xterm-color
OS=Windows_NT
PROCESSOR_IDENTIFIER=Intel64 Family 6 Model 158 Stepping 13, GenuineIntel
TMP=C:\Users\tjoeun\AppData\Local\Temp
TEMP=C:\Users\tjoeun\AppData\Local\Temp



---------------  S Y S T E M  ---------------

OS: Windows 10 , 64 bit Build 19041 (10.0.19041.3636)
OS uptime: 0 days 6:51 hours

CPU:total 6 (initial active 6) (6 cores per cpu, 1 threads per core) family 6 model 158 stepping 13 microcode 0xd6, cmov, cx8, fxsr, mmx, sse, sse2, sse3, ssse3, sse4.1, sse4.2, popcnt, avx, avx2, aes, clmul, erms, 3dnowpref, lzcnt, tsc, tscinvbit, bmi1, bmi2, adx, fma

Memory: 4k page, system-wide physical 16319M (8283M free)
TotalPageFile size 18751M (AvailPageFile size 5305M)
current process WorkingSet (physical memory assigned to process): 201M, peak: 201M
current process commit charge ("private bytes"): 504M, peak: 634M

vm_info: OpenJDK 64-Bit Server VM (11.0.21+9-LTS) for windows-amd64 JRE (11.0.21+9-LTS), built on Oct  9 2023 18:37:11 by "Administrator" with MS VC++ 16.10 / 16.11 (VS2019)

END.
